execve("./whoops", ["./whoops"], 0x7ffc4c4419c0 /* 58 vars */) = 0
brk(NULL)                               = 0x876a000
arch_prctl(0x3001 /* ARCH_??? */, 0xffbedde8) = -1 EINVAL (Invalid argument)
access("/etc/ld.so.nohwcap", F_OK)      = -1 ENOENT (No such file or directory)
mmap2(NULL, 8192, PROT_READ|PROT_WRITE, MAP_PRIVATE|MAP_ANONYMOUS, -1, 0) = 0xf7f65000
access("/etc/ld.so.preload", R_OK)      = -1 ENOENT (No such file or directory)
openat(AT_FDCWD, "/etc/ld.so.cache", O_RDONLY|O_LARGEFILE|O_CLOEXEC) = 3
fstat64(3, {st_mode=S_IFREG|0644, st_size=82174, ...}) = 0
mmap2(NULL, 82174, PROT_READ, MAP_PRIVATE, 3, 0) = 0xf7f50000
close(3)                                = 0
access("/etc/ld.so.nohwcap", F_OK)      = -1 ENOENT (No such file or directory)
openat(AT_FDCWD, "/lib32/libc.so.6", O_RDONLY|O_LARGEFILE|O_CLOEXEC) = 3
read(3, "\177ELF\1\1\1\3\0\0\0\0\0\0\0\0\3\0\3\0\1\0\0\0\220\260\1\0004\0\0\0"..., 512) = 512
pread64(3, "\4\0\0\0\24\0\0\0\3\0\0\0GNU\0X\245\217/\315\257\335\254\264\240\2049\352.\341c"..., 96, 468) = 96
fstat64(3, {st_mode=S_IFREG|0755, st_size=2004160, ...}) = 0
pread64(3, "\4\0\0\0\24\0\0\0\3\0\0\0GNU\0X\245\217/\315\257\335\254\264\240\2049\352.\341c"..., 96, 468) = 96
mmap2(NULL, 2012864, PROT_READ, MAP_PRIVATE|MAP_DENYWRITE, 3, 0) = 0xf7d64000
mprotect(0xf7d7d000, 1888256, PROT_NONE) = 0
mmap2(0xf7d7d000, 1409024, PROT_READ|PROT_EXEC, MAP_PRIVATE|MAP_FIXED|MAP_DENYWRITE, 3, 0x19000) = 0xf7d7d000
mmap2(0xf7ed5000, 475136, PROT_READ, MAP_PRIVATE|MAP_FIXED|MAP_DENYWRITE, 3, 0x171000) = 0xf7ed5000
mmap2(0xf7f4a000, 12288, PROT_READ|PROT_WRITE, MAP_PRIVATE|MAP_FIXED|MAP_DENYWRITE, 3, 0x1e5000) = 0xf7f4a000
mmap2(0xf7f4d000, 9920, PROT_READ|PROT_WRITE, MAP_PRIVATE|MAP_FIXED|MAP_ANONYMOUS, -1, 0) = 0xf7f4d000
close(3)                                = 0
set_thread_area({entry_number=-1, base_addr=0xf7f660c0, limit=0x0fffff, seg_32bit=1, contents=0, read_exec_only=0, limit_in_pages=1, seg_not_present=0, useable=1}) = 0 (entry_number=12)
mprotect(0xf7f4a000, 8192, PROT_READ)   = 0
mprotect(0xf7f98000, 4096, PROT_READ)   = 0
munmap(0xf7f50000, 82174)               = 0
openat(AT_FDCWD, "/etc/shadow", O_RDONLY) = -1 EACCES (Permission denied)
write(2, "Problem!\n", 9)               = 9
exit_group(1)                           = ?
+++ exited with 1 +++
